<?xml version="1.0" encoding="UTF-8"?>
<testng-results ignored="0" total="1" passed="1" failed="0" skipped="0">
  <reporter-output>
  </reporter-output>
  <suite started-at="2024-08-10T18:05:56 IST" name="Suite" finished-at="2024-08-10T18:06:40 IST" duration-ms="44612">
    <groups>
    </groups>
    <test started-at="2024-08-10T18:05:56 IST" name="Test" finished-at="2024-08-10T18:06:40 IST" duration-ms="44612">
      <class name="Example.OpenBrowser">
        <test-method signature="testOpenBrowser()[pri:0, instance:Example.OpenBrowser@78aab498]" started-at="2024-08-10T18:05:56 IST" name="testOpenBrowser" finished-at="2024-08-10T18:06:40 IST" duration-ms="44503" status="PASS">
          <reporter-output>
          </reporter-output>
        </test-method> <!-- testOpenBrowser -->
      </class> <!-- Example.OpenBrowser -->
    </test> <!-- Test -->
  </suite> <!-- Suite -->
</testng-results>
